<?xml version="1.0" encoding="UTF-8"?>
<testng-results skipped="0" failed="0" total="1" passed="1">
  <reporter-output>
  </reporter-output>
  <suite name="Default suite" duration-ms="53555" started-at="2019-10-23T20:36:31Z" finished-at="2019-10-23T20:37:25Z">
    <groups>
    </groups>
    <test name="Default test" duration-ms="53555" started-at="2019-10-23T20:36:31Z" finished-at="2019-10-23T20:37:25Z">
      <class name="com.test.git.maven.DemoTest">
        <test-method status="PASS" signature="nameGit()[pri:0, instance:com.test.git.maven.DemoTest@2d928643]" name="nameGit" duration-ms="53499" started-at="2019-10-23T13:36:31Z" finished-at="2019-10-23T13:37:25Z">
          <reporter-output>
          </reporter-output>
        </test-method> <!-- nameGit -->
      </class> <!-- com.test.git.maven.DemoTest -->
    </test> <!-- Default test -->
  </suite> <!-- Default suite -->
</testng-results>
